<?xml version="1.0" encoding="utf-8"?><testsuites><testsuite errors="0" failures="0" hostname="LT000879" name="pytest" skipped="0" tests="6" time="0.026" timestamp="2022-01-14T13:39:40.889812"><testcase classname="test_compare_c_py" file="test_compare_c_py.py" line="48" name="test_sup_attenuation[gen_audio_4000Hz_-60dB]" time="0.000"></testcase><testcase classname="test_compare_c_py" file="test_compare_c_py.py" line="48" name="test_sup_attenuation[gen_audio_8000Hz_-60dB]" time="0.000"></testcase><testcase classname="test_compare_c_py" file="test_compare_c_py.py" line="48" name="test_sup_attenuation[gen_audio_4000Hz_-20dB]" time="0.000"></testcase><testcase classname="test_compare_c_py" file="test_compare_c_py.py" line="48" name="test_sup_attenuation[gen_audio_8000Hz_-20dB]" time="0.000"></testcase><testcase classname="test_compare_c_py" file="test_compare_c_py.py" line="48" name="test_sup_attenuation[gen_audio_4000Hz_-6dB]" time="0.000"></testcase><testcase classname="test_compare_c_py" file="test_compare_c_py.py" line="48" name="test_sup_attenuation[gen_audio_8000Hz_-6dB]" time="0.000"></testcase></testsuite></testsuites>